#
# There is insufficient memory for the Java Runtime Environment to continue.
# Native memory allocation (malloc) failed to allocate 148336 bytes for Chunk::new
# Possible reasons:
#   The system is out of physical RAM or swap space
#   The process is running with CompressedOops enabled, and the Java Heap may be blocking the growth of the native heap
# Possible solutions:
#   Reduce memory load on the system
#   Increase physical memory or swap space
#   Check if swap backing store is full
#   Decrease Java heap size (-Xmx/-Xms)
#   Decrease number of Java threads
#   Decrease Java thread stack sizes (-Xss)
#   Set larger code cache with -XX:ReservedCodeCacheSize=
#   JVM is running with Zero Based Compressed Oops mode in which the Java heap is
#     placed in the first 32GB address space. The Java Heap base address is the
#     maximum limit for the native heap growth. Please use -XX:HeapBaseMinAddress
#     to set the Java Heap base and to place the Java Heap above 32GB virtual address.
# This output file may be truncated or incomplete.
#
#  Out of Memory Error (src/hotspot/share/memory/arena.cpp:197), pid=29040, tid=14280
#
# JRE version: OpenJDK Runtime Environment JBR-11.0.15.10-2043.56-jcef (11.0.15+10) (build 11.0.15+10-b2043.56)
# Java VM: OpenJDK 64-Bit Server VM JBR-11.0.15.10-2043.56-jcef (11.0.15+10-b2043.56, mixed mode, tiered, compressed oops, g1 gc, windows-amd64)
# No core dump will be written. Minidumps are not enabled by default on client versions of Windows
#

---------------  S U M M A R Y ------------

Command Line: git4idea.http.GitAskPassApp Username for 'https://github.com': 

Host: AMD Ryzen 7 4800H with Radeon Graphics         , 16 cores, 15G,  Windows 11 , 64 bit Build 22000 (10.0.22000.434)
Time: Sun Jul 31 18:12:57 2022  Windows 11 , 64 bit Build 22000 (10.0.22000.434) elapsed time: 0.221639 seconds (0d 0h 0m 0s)

---------------  T H R E A D  ---------------

Current thread (0x0000024b50878000):  JavaThread "C2 CompilerThread0" daemon [_thread_in_native, id=14280, stack(0x0000009c7a600000,0x0000009c7a700000)]


Current CompileTask:
C2:    226  312       4       java.lang.StringLatin1::toUpperCase (180 bytes)

Stack: [0x0000009c7a600000,0x0000009c7a700000]
Native frames: (J=compiled Java code, j=interpreted, Vv=VM code, C=native code)
V  [jvm.dll+0x61612a]
V  [jvm.dll+0x79c450]
V  [jvm.dll+0x79da6d]
V  [jvm.dll+0x79e143]
V  [jvm.dll+0x24cc18]
V  [jvm.dll+0xc15ac]
V  [jvm.dll+0xc1adc]
V  [jvm.dll+0x362f6b]
V  [jvm.dll+0x32df33]
V  [jvm.dll+0x32d42a]
V  [jvm.dll+0x205352]
V  [jvm.dll+0x2044d7]
V  [jvm.dll+0x18b6b1]
V  [jvm.dll+0x2131bf]
V  [jvm.dll+0x211a61]
V  [jvm.dll+0x76300f]
V  [jvm.dll+0x75bc15]
V  [jvm.dll+0x614d96]
C  [ucrtbase.dll+0x26c0c]
C  [KERNEL32.DLL+0x154e0]
C  [ntdll.dll+0x485b]


---------------  P R O C E S S  ---------------

Threads class SMR info:
_java_thread_list=0x0000024b50dbf690, length=15, elements={
0x0000024b4ff5f000, 0x0000024b4ff60000, 0x0000024b50870800, 0x0000024b50871800,
0x0000024b50874800, 0x0000024b50878000, 0x0000024b50879000, 0x0000024b4ff6a000,
0x0000024b50a17800, 0x0000024b50a41000, 0x0000024b50a9b800, 0x0000024b50a3f800,
0x0000024b5238b000, 0x0000024b50f3c000, 0x0000024b30706000
}

Java Threads: ( => current thread )
  0x0000024b4ff5f000 JavaThread "Reference Handler" daemon [_thread_blocked, id=6624, stack(0x0000009c7a100000,0x0000009c7a200000)]
  0x0000024b4ff60000 JavaThread "Finalizer" daemon [_thread_blocked, id=27164, stack(0x0000009c7a200000,0x0000009c7a300000)]
  0x0000024b50870800 JavaThread "Signal Dispatcher" daemon [_thread_blocked, id=28528, stack(0x0000009c7a300000,0x0000009c7a400000)]
  0x0000024b50871800 JavaThread "Attach Listener" daemon [_thread_blocked, id=15768, stack(0x0000009c7a400000,0x0000009c7a500000)]
  0x0000024b50874800 JavaThread "Service Thread" daemon [_thread_blocked, id=24328, stack(0x0000009c7a500000,0x0000009c7a600000)]
=>0x0000024b50878000 JavaThread "C2 CompilerThread0" daemon [_thread_in_native, id=14280, stack(0x0000009c7a600000,0x0000009c7a700000)]
  0x0000024b50879000 JavaThread "C1 CompilerThread0" daemon [_thread_blocked, id=26880, stack(0x0000009c7a700000,0x0000009c7a800000)]
  0x0000024b4ff6a000 JavaThread "Sweeper thread" daemon [_thread_blocked, id=19852, stack(0x0000009c7a800000,0x0000009c7a900000)]
  0x0000024b50a17800 JavaThread "C1 CompilerThread1" daemon [_thread_blocked, id=20952, stack(0x0000009c7a900000,0x0000009c7aa00000)]
  0x0000024b50a41000 JavaThread "Common-Cleaner" daemon [_thread_blocked, id=25244, stack(0x0000009c7ab00000,0x0000009c7ac00000)]
  0x0000024b50a9b800 JavaThread "C2 CompilerThread1" daemon [_thread_blocked, id=14196, stack(0x0000009c7ac00000,0x0000009c7ad00000)]
  0x0000024b50a3f800 JavaThread "C2 CompilerThread2" daemon [_thread_blocked, id=23708, stack(0x0000009c7ad00000,0x0000009c7ae00000)]
  0x0000024b5238b000 JavaThread "C1 CompilerThread2" daemon [_thread_blocked, id=23176, stack(0x0000009c7ae00000,0x0000009c7af00000)]
  0x0000024b50f3c000 JavaThread "C1 CompilerThread3" daemon [_thread_blocked, id=25184, stack(0x0000009c7af00000,0x0000009c7b000000)]
  0x0000024b30706000 JavaThread "DestroyJavaVM" [_thread_blocked, id=28812, stack(0x0000009c79a00000,0x0000009c79b00000)]

Other Threads:
  0x0000024b4ff4d000 VMThread "VM Thread" [stack: 0x0000009c7a000000,0x0000009c7a100000] [id=2864]
  0x0000024b50a29800 WatcherThread [stack: 0x0000009c7aa00000,0x0000009c7ab00000] [id=25728]
  0x0000024b3071c800 GCTaskThread "GC Thread#0" [stack: 0x0000009c79b00000,0x0000009c79c00000] [id=18936]
  0x0000024b30775800 ConcurrentGCThread "G1 Main Marker" [stack: 0x0000009c79c00000,0x0000009c79d00000] [id=21736]
  0x0000024b30777000 ConcurrentGCThread "G1 Conc#0" [stack: 0x0000009c79d00000,0x0000009c79e00000] [id=24708]
  0x0000024b4fe35800 ConcurrentGCThread "G1 Refine#0" [stack: 0x0000009c79e00000,0x0000009c79f00000] [id=5148]
  0x0000024b4fe37800 ConcurrentGCThread "G1 Young RemSet Sampling" [stack: 0x0000009c79f00000,0x0000009c7a000000] [id=26212]

Threads with active compile tasks:
C2 CompilerThread0      373  312       4       java.lang.StringLatin1::toUpperCase (180 bytes)

VM state:not at safepoint (normal execution)

VM Mutex/Monitor currently owned by a thread: None

Heap address: 0x000000070a000000, size: 3936 MB, Compressed Oops mode: Zero based, Oop shift amount: 3
Narrow klass base: 0x0000000800000000, Narrow klass shift: 0
Compressed class space size: 1073741824 Address: 0x0000000800000000

Heap:
 garbage-first heap   total 251904K, used 26624K [0x000000070a000000, 0x0000000800000000)
  region size 1024K, 13 young (13312K), 0 survivors (0K)
 Metaspace       used 7998K, capacity 8180K, committed 8448K, reserved 1069056K
  class space    used 705K, capacity 743K, committed 768K, reserved 1048576K
Heap Regions: E=young(eden), S=young(survivor), O=old, HS=humongous(starts), HC=humongous(continues), CS=collection set, F=free, A=archive, TAMS=top-at-mark-start (previous, next)
|   0|0x000000070a000000, 0x000000070a100000, 0x000000070a100000|100%|HS|  |TAMS 0x000000070a000000, 0x000000070a000000| Complete 
|   1|0x000000070a100000, 0x000000070a200000, 0x000000070a200000|100%|HC|  |TAMS 0x000000070a100000, 0x000000070a100000| Complete 
|   2|0x000000070a200000, 0x000000070a300000, 0x000000070a300000|100%|HC|  |TAMS 0x000000070a200000, 0x000000070a200000| Complete 
|   3|0x000000070a300000, 0x000000070a400000, 0x000000070a400000|100%|HC|  |TAMS 0x000000070a300000, 0x000000070a300000| Complete 
|   4|0x000000070a400000, 0x000000070a500000, 0x000000070a500000|100%|HC|  |TAMS 0x000000070a400000, 0x000000070a400000| Complete 
|   5|0x000000070a500000, 0x000000070a600000, 0x000000070a600000|100%|HC|  |TAMS 0x000000070a500000, 0x000000070a500000| Complete 
|   6|0x000000070a600000, 0x000000070a700000, 0x000000070a700000|100%|HC|  |TAMS 0x000000070a600000, 0x000000070a600000| Complete 
|   7|0x000000070a700000, 0x000000070a800000, 0x000000070a800000|100%|HC|  |TAMS 0x000000070a700000, 0x000000070a700000| Complete 
|   8|0x000000070a800000, 0x000000070a900000, 0x000000070a900000|100%|HC|  |TAMS 0x000000070a800000, 0x000000070a800000| Complete 
|   9|0x000000070a900000, 0x000000070aa00000, 0x000000070aa00000|100%|HC|  |TAMS 0x000000070a900000, 0x000000070a900000| Complete 
|  10|0x000000070aa00000, 0x000000070ab00000, 0x000000070ab00000|100%|HC|  |TAMS 0x000000070aa00000, 0x000000070aa00000| Complete 
|  11|0x000000070ab00000, 0x000000070ac00000, 0x000000070ac00000|100%|HS|  |TAMS 0x000000070ab00000, 0x000000070ab00000| Complete 
|  12|0x000000070ac00000, 0x000000070ad00000, 0x000000070ad00000|100%|HC|  |TAMS 0x000000070ac00000, 0x000000070ac00000| Complete 
|  13|0x000000070ad00000, 0x000000070ae00000, 0x000000070ae00000|100%|HS|  |TAMS 0x000000070ad00000, 0x000000070ad00000| Complete 
|  14|0x000000070ae00000, 0x000000070af00000, 0x000000070af00000|100%|HC|  |TAMS 0x000000070ae00000, 0x000000070ae00000| Complete 
|  15|0x000000070af00000, 0x000000070af00000, 0x000000070b000000|  0%| F|  |TAMS 0x000000070af00000, 0x000000070af00000| Untracked 
|  16|0x000000070b000000, 0x000000070b000000, 0x000000070b100000|  0%| F|  |TAMS 0x000000070b000000, 0x000000070b000000| Untracked 
|  17|0x000000070b100000, 0x000000070b100000, 0x000000070b200000|  0%| F|  |TAMS 0x000000070b100000, 0x000000070b100000| Untracked 
|  18|0x000000070b200000, 0x000000070b200000, 0x000000070b300000|  0%| F|  |TAMS 0x000000070b200000, 0x000000070b200000| Untracked 
|  19|0x000000070b300000, 0x000000070b300000, 0x000000070b400000|  0%| F|  |TAMS 0x000000070b300000, 0x000000070b300000| Untracked 
|  20|0x000000070b400000, 0x000000070b400000, 0x000000070b500000|  0%| F|  |TAMS 0x000000070b400000, 0x000000070b400000| Untracked 
|  21|0x000000070b500000, 0x000000070b500000, 0x000000070b600000|  0%| F|  |TAMS 0x000000070b500000, 0x000000070b500000| Untracked 
|  22|0x000000070b600000, 0x000000070b600000, 0x000000070b700000|  0%| F|  |TAMS 0x000000070b600000, 0x000000070b600000| Untracked 
|  23|0x000000070b700000, 0x000000070b700000, 0x000000070b800000|  0%| F|  |TAMS 0x000000070b700000, 0x000000070b700000| Untracked 
|  24|0x000000070b800000, 0x000000070b800000, 0x000000070b900000|  0%| F|  |TAMS 0x000000070b800000, 0x000000070b800000| Untracked 
|  25|0x000000070b900000, 0x000000070b900000, 0x000000070ba00000|  0%| F|  |TAMS 0x000000070b900000, 0x000000070b900000| Untracked 
|  26|0x000000070ba00000, 0x000000070ba00000, 0x000000070bb00000|  0%| F|  |TAMS 0x000000070ba00000, 0x000000070ba00000| Untracked 
|  27|0x000000070bb00000, 0x000000070bb00000, 0x000000070bc00000|  0%| F|  |TAMS 0x000000070bb00000, 0x000000070bb00000| Untracked 
|  28|0x000000070bc00000, 0x000000070bc00000, 0x000000070bd00000|  0%| F|  |TAMS 0x000000070bc00000, 0x000000070bc00000| Untracked 
|  29|0x000000070bd00000, 0x000000070bd00000, 0x000000070be00000|  0%| F|  |TAMS 0x000000070bd00000, 0x000000070bd00000| Untracked 
|  30|0x000000070be00000, 0x000000070be00000, 0x000000070bf00000|  0%| F|  |TAMS 0x000000070be00000, 0x000000070be00000| Untracked 
|  31|0x000000070bf00000, 0x000000070bf00000, 0x000000070c000000|  0%| F|  |TAMS 0x000000070bf00000, 0x000000070bf00000| Untracked 
|  32|0x000000070c000000, 0x000000070c000000, 0x000000070c100000|  0%| F|  |TAMS 0x000000070c000000, 0x000000070c000000| Untracked 
|  33|0x000000070c100000, 0x000000070c100000, 0x000000070c200000|  0%| F|  |TAMS 0x000000070c100000, 0x000000070c100000| Untracked 
|  34|0x000000070c200000, 0x000000070c200000, 0x000000070c300000|  0%| F|  |TAMS 0x000000070c200000, 0x000000070c200000| Untracked 
|  35|0x000000070c300000, 0x000000070c300000, 0x000000070c400000|  0%| F|  |TAMS 0x000000070c300000, 0x000000070c300000| Untracked 
|  36|0x000000070c400000, 0x000000070c400000, 0x000000070c500000|  0%| F|  |TAMS 0x000000070c400000, 0x000000070c400000| Untracked 
|  37|0x000000070c500000, 0x000000070c500000, 0x000000070c600000|  0%| F|  |TAMS 0x000000070c500000, 0x000000070c500000| Untracked 
|  38|0x000000070c600000, 0x000000070c600000, 0x000000070c700000|  0%| F|  |TAMS 0x000000070c600000, 0x000000070c600000| Untracked 
|  39|0x000000070c700000, 0x000000070c700000, 0x000000070c800000|  0%| F|  |TAMS 0x000000070c700000, 0x000000070c700000| Untracked 
|  40|0x000000070c800000, 0x000000070c800000, 0x000000070c900000|  0%| F|  |TAMS 0x000000070c800000, 0x000000070c800000| Untracked 
|  41|0x000000070c900000, 0x000000070c900000, 0x000000070ca00000|  0%| F|  |TAMS 0x000000070c900000, 0x000000070c900000| Untracked 
|  42|0x000000070ca00000, 0x000000070ca00000, 0x000000070cb00000|  0%| F|  |TAMS 0x000000070ca00000, 0x000000070ca00000| Untracked 
|  43|0x000000070cb00000, 0x000000070cb00000, 0x000000070cc00000|  0%| F|  |TAMS 0x000000070cb00000, 0x000000070cb00000| Untracked 
|  44|0x000000070cc00000, 0x000000070cc00000, 0x000000070cd00000|  0%| F|  |TAMS 0x000000070cc00000, 0x000000070cc00000| Untracked 
|  45|0x000000070cd00000, 0x000000070cd00000, 0x000000070ce00000|  0%| F|  |TAMS 0x000000070cd00000, 0x000000070cd00000| Untracked 
|  46|0x000000070ce00000, 0x000000070ce00000, 0x000000070cf00000|  0%| F|  |TAMS 0x000000070ce00000, 0x000000070ce00000| Untracked 
|  47|0x000000070cf00000, 0x000000070cf00000, 0x000000070d000000|  0%| F|  |TAMS 0x000000070cf00000, 0x000000070cf00000| Untracked 
|  48|0x000000070d000000, 0x000000070d000000, 0x000000070d100000|  0%| F|  |TAMS 0x000000070d000000, 0x000000070d000000| Untracked 
|  49|0x000000070d100000, 0x000000070d100000, 0x000000070d200000|  0%| F|  |TAMS 0x000000070d100000, 0x000000070d100000| Untracked 
|  50|0x000000070d200000, 0x000000070d200000, 0x000000070d300000|  0%| F|  |TAMS 0x000000070d200000, 0x000000070d200000| Untracked 
|  51|0x000000070d300000, 0x000000070d300000, 0x000000070d400000|  0%| F|  |TAMS 0x000000070d300000, 0x000000070d300000| Untracked 
|  52|0x000000070d400000, 0x000000070d400000, 0x000000070d500000|  0%| F|  |TAMS 0x000000070d400000, 0x000000070d400000| Untracked 
|  53|0x000000070d500000, 0x000000070d500000, 0x000000070d600000|  0%| F|  |TAMS 0x000000070d500000, 0x000000070d500000| Untracked 
|  54|0x000000070d600000, 0x000000070d600000, 0x000000070d700000|  0%| F|  |TAMS 0x000000070d600000, 0x000000070d600000| Untracked 
|  55|0x000000070d700000, 0x000000070d700000, 0x000000070d800000|  0%| F|  |TAMS 0x000000070d700000, 0x000000070d700000| Untracked 
|  56|0x000000070d800000, 0x000000070d800000, 0x000000070d900000|  0%| F|  |TAMS 0x000000070d800000, 0x000000070d800000| Untracked 
|  57|0x000000070d900000, 0x000000070d900000, 0x000000070da00000|  0%| F|  |TAMS 0x000000070d900000, 0x000000070d900000| Untracked 
|  58|0x000000070da00000, 0x000000070da00000, 0x000000070db00000|  0%| F|  |TAMS 0x000000070da00000, 0x000000070da00000| Untracked 
|  59|0x000000070db00000, 0x000000070db00000, 0x000000070dc00000|  0%| F|  |TAMS 0x000000070db00000, 0x000000070db00000| Untracked 
|  60|0x000000070dc00000, 0x000000070dc00000, 0x000000070dd00000|  0%| F|  |TAMS 0x000000070dc00000, 0x000000070dc00000| Untracked 
|  61|0x000000070dd00000, 0x000000070dd00000, 0x000000070de00000|  0%| F|  |TAMS 0x000000070dd00000, 0x000000070dd00000| Untracked 
|  62|0x000000070de00000, 0x000000070de00000, 0x000000070df00000|  0%| F|  |TAMS 0x000000070de00000, 0x000000070de00000| Untracked 
|  63|0x000000070df00000, 0x000000070df00000, 0x000000070e000000|  0%| F|  |TAMS 0x000000070df00000, 0x000000070df00000| Untracked 
|  64|0x000000070e000000, 0x000000070e000000, 0x000000070e100000|  0%| F|  |TAMS 0x000000070e000000, 0x000000070e000000| Untracked 
|  65|0x000000070e100000, 0x000000070e100000, 0x000000070e200000|  0%| F|  |TAMS 0x000000070e100000, 0x000000070e100000| Untracked 
|  66|0x000000070e200000, 0x000000070e200000, 0x000000070e300000|  0%| F|  |TAMS 0x000000070e200000, 0x000000070e200000| Untracked 
|  67|0x000000070e300000, 0x000000070e300000, 0x000000070e400000|  0%| F|  |TAMS 0x000000070e300000, 0x000000070e300000| Untracked 
|  68|0x000000070e400000, 0x000000070e400000, 0x000000070e500000|  0%| F|  |TAMS 0x000000070e400000, 0x000000070e400000| Untracked 
|  69|0x000000070e500000, 0x000000070e500000, 0x000000070e600000|  0%| F|  |TAMS 0x000000070e500000, 0x000000070e500000| Untracked 
|  70|0x000000070e600000, 0x000000070e600000, 0x000000070e700000|  0%| F|  |TAMS 0x000000070e600000, 0x000000070e600000| Untracked 
|  71|0x000000070e700000, 0x000000070e700000, 0x000000070e800000|  0%| F|  |TAMS 0x000000070e700000, 0x000000070e700000| Untracked 
|  72|0x000000070e800000, 0x000000070e800000, 0x000000070e900000|  0%| F|  |TAMS 0x000000070e800000, 0x000000070e800000| Untracked 
|  73|0x000000070e900000, 0x000000070e900000, 0x000000070ea00000|  0%| F|  |TAMS 0x000000070e900000, 0x000000070e900000| Untracked 
|  74|0x000000070ea00000, 0x000000070ea00000, 0x000000070eb00000|  0%| F|  |TAMS 0x000000070ea00000, 0x000000070ea00000| Untracked 
|  75|0x000000070eb00000, 0x000000070eb00000, 0x000000070ec00000|  0%| F|  |TAMS 0x000000070eb00000, 0x000000070eb00000| Untracked 
|  76|0x000000070ec00000, 0x000000070ec00000, 0x000000070ed00000|  0%| F|  |TAMS 0x000000070ec00000, 0x000000070ec00000| Untracked 
|  77|0x000000070ed00000, 0x000000070ed00000, 0x000000070ee00000|  0%| F|  |TAMS 0x000000070ed00000, 0x000000070ed00000| Untracked 
|  78|0x000000070ee00000, 0x000000070ee00000, 0x000000070ef00000|  0%| F|  |TAMS 0x000000070ee00000, 0x000000070ee00000| Untracked 
|  79|0x000000070ef00000, 0x000000070ef00000, 0x000000070f000000|  0%| F|  |TAMS 0x000000070ef00000, 0x000000070ef00000| Untracked 
|  80|0x000000070f000000, 0x000000070f000000, 0x000000070f100000|  0%| F|  |TAMS 0x000000070f000000, 0x000000070f000000| Untracked 
|  81|0x000000070f100000, 0x000000070f100000, 0x000000070f200000|  0%| F|  |TAMS 0x000000070f100000, 0x000000070f100000| Untracked 
|  82|0x000000070f200000, 0x000000070f200000, 0x000000070f300000|  0%| F|  |TAMS 0x000000070f200000, 0x000000070f200000| Untracked 
|  83|0x000000070f300000, 0x000000070f300000, 0x000000070f400000|  0%| F|  |TAMS 0x000000070f300000, 0x000000070f300000| Untracked 
|  84|0x000000070f400000, 0x000000070f400000, 0x000000070f500000|  0%| F|  |TAMS 0x000000070f400000, 0x000000070f400000| Untracked 
|  85|0x000000070f500000, 0x000000070f500000, 0x000000070f600000|  0%| F|  |TAMS 0x000000070f500000, 0x000000070f500000| Untracked 
|  86|0x000000070f600000, 0x000000070f600000, 0x000000070f700000|  0%| F|  |TAMS 0x000000070f600000, 0x000000070f600000| Untracked 
|  87|0x000000070f700000, 0x000000070f700000, 0x000000070f800000|  0%| F|  |TAMS 0x000000070f700000, 0x000000070f700000| Untracked 
|  88|0x000000070f800000, 0x000000070f800000, 0x000000070f900000|  0%| F|  |TAMS 0x000000070f800000, 0x000000070f800000| Untracked 
|  89|0x000000070f900000, 0x000000070f900000, 0x000000070fa00000|  0%| F|  |TAMS 0x000000070f900000, 0x000000070f900000| Untracked 
|  90|0x000000070fa00000, 0x000000070fa00000, 0x000000070fb00000|  0%| F|  |TAMS 0x000000070fa00000, 0x000000070fa00000| Untracked 
|  91|0x000000070fb00000, 0x000000070fb00000, 0x000000070fc00000|  0%| F|  |TAMS 0x000000070fb00000, 0x000000070fb00000| Untracked 
|  92|0x000000070fc00000, 0x000000070fc00000, 0x000000070fd00000|  0%| F|  |TAMS 0x000000070fc00000, 0x000000070fc00000| Untracked 
|  93|0x000000070fd00000, 0x000000070fd00000, 0x000000070fe00000|  0%| F|  |TAMS 0x000000070fd00000, 0x000000070fd00000| Untracked 
|  94|0x000000070fe00000, 0x000000070fe00000, 0x000000070ff00000|  0%| F|  |TAMS 0x000000070fe00000, 0x000000070fe00000| Untracked 
|  95|0x000000070ff00000, 0x000000070ff00000, 0x0000000710000000|  0%| F|  |TAMS 0x000000070ff00000, 0x000000070ff00000| Untracked 
|  96|0x0000000710000000, 0x0000000710000000, 0x0000000710100000|  0%| F|  |TAMS 0x0000000710000000, 0x0000000710000000| Untracked 
|  97|0x0000000710100000, 0x0000000710100000, 0x0000000710200000|  0%| F|  |TAMS 0x0000000710100000, 0x0000000710100000| Untracked 
|  98|0x0000000710200000, 0x0000000710200000, 0x0000000710300000|  0%| F|  |TAMS 0x0000000710200000, 0x0000000710200000| Untracked 
|  99|0x0000000710300000, 0x0000000710300000, 0x0000000710400000|  0%| F|  |TAMS 0x0000000710300000, 0x0000000710300000| Untracked 
| 100|0x0000000710400000, 0x0000000710400000, 0x0000000710500000|  0%| F|  |TAMS 0x0000000710400000, 0x0000000710400000| Untracked 
| 101|0x0000000710500000, 0x0000000710500000, 0x0000000710600000|  0%| F|  |TAMS 0x0000000710500000, 0x0000000710500000| Untracked 
| 102|0x0000000710600000, 0x0000000710600000, 0x0000000710700000|  0%| F|  |TAMS 0x0000000710600000, 0x0000000710600000| Untracked 
| 103|0x0000000710700000, 0x0000000710700000, 0x0000000710800000|  0%| F|  |TAMS 0x0000000710700000, 0x0000000710700000| Untracked 
| 104|0x0000000710800000, 0x0000000710800000, 0x0000000710900000|  0%| F|  |TAMS 0x0000000710800000, 0x0000000710800000| Untracked 
| 105|0x0000000710900000, 0x0000000710900000, 0x0000000710a00000|  0%| F|  |TAMS 0x0000000710900000, 0x0000000710900000| Untracked 
| 106|0x0000000710a00000, 0x0000000710a00000, 0x0000000710b00000|  0%| F|  |TAMS 0x0000000710a00000, 0x0000000710a00000| Untracked 
| 107|0x0000000710b00000, 0x0000000710b00000, 0x0000000710c00000|  0%| F|  |TAMS 0x0000000710b00000, 0x0000000710b00000| Untracked 
| 108|0x0000000710c00000, 0x0000000710c00000, 0x0000000710d00000|  0%| F|  |TAMS 0x0000000710c00000, 0x0000000710c00000| Untracked 
| 109|0x0000000710d00000, 0x0000000710d00000, 0x0000000710e00000|  0%| F|  |TAMS 0x0000000710d00000, 0x0000000710d00000| Untracked 
| 110|0x0000000710e00000, 0x0000000710e00000, 0x0000000710f00000|  0%| F|  |TAMS 0x0000000710e00000, 0x0000000710e00000| Untracked 
| 111|0x0000000710f00000, 0x0000000710f00000, 0x0000000711000000|  0%| F|  |TAMS 0x0000000710f00000, 0x0000000710f00000| Untracked 
| 112|0x0000000711000000, 0x0000000711000000, 0x0000000711100000|  0%| F|  |TAMS 0x0000000711000000, 0x0000000711000000| Untracked 
| 113|0x0000000711100000, 0x0000000711100000, 0x0000000711200000|  0%| F|  |TAMS 0x0000000711100000, 0x0000000711100000| Untracked 
| 114|0x0000000711200000, 0x0000000711200000, 0x0000000711300000|  0%| F|  |TAMS 0x0000000711200000, 0x0000000711200000| Untracked 
| 115|0x0000000711300000, 0x0000000711300000, 0x0000000711400000|  0%| F|  |TAMS 0x0000000711300000, 0x0000000711300000| Untracked 
| 116|0x0000000711400000, 0x0000000711400000, 0x0000000711500000|  0%| F|  |TAMS 0x0000000711400000, 0x0000000711400000| Untracked 
| 117|0x0000000711500000, 0x0000000711500000, 0x0000000711600000|  0%| F|  |TAMS 0x0000000711500000, 0x0000000711500000| Untracked 
| 118|0x0000000711600000, 0x0000000711600000, 0x0000000711700000|  0%| F|  |TAMS 0x0000000711600000, 0x0000000711600000| Untracked 
| 119|0x0000000711700000, 0x0000000711700000, 0x0000000711800000|  0%| F|  |TAMS 0x0000000711700000, 0x0000000711700000| Untracked 
| 120|0x0000000711800000, 0x0000000711800000, 0x0000000711900000|  0%| F|  |TAMS 0x0000000711800000, 0x0000000711800000| Untracked 
| 121|0x0000000711900000, 0x0000000711900000, 0x0000000711a00000|  0%| F|  |TAMS 0x0000000711900000, 0x0000000711900000| Untracked 
| 122|0x0000000711a00000, 0x0000000711a00000, 0x0000000711b00000|  0%| F|  |TAMS 0x0000000711a00000, 0x0000000711a00000| Untracked 
| 123|0x0000000711b00000, 0x0000000711b00000, 0x0000000711c00000|  0%| F|  |TAMS 0x0000000711b00000, 0x0000000711b00000| Untracked 
| 124|0x0000000711c00000, 0x0000000711c00000, 0x0000000711d00000|  0%| F|  |TAMS 0x0000000711c00000, 0x0000000711c00000| Untracked 
| 125|0x0000000711d00000, 0x0000000711d00000, 0x0000000711e00000|  0%| F|  |TAMS 0x0000000711d00000, 0x0000000711d00000| Untracked 
| 126|0x0000000711e00000, 0x0000000711e00000, 0x0000000711f00000|  0%| F|  |TAMS 0x0000000711e00000, 0x0000000711e00000| Untracked 
| 127|0x0000000711f00000, 0x0000000711f00000, 0x0000000712000000|  0%| F|  |TAMS 0x0000000711f00000, 0x0000000711f00000| Untracked 
| 128|0x0000000712000000, 0x0000000712000000, 0x0000000712100000|  0%| F|  |TAMS 0x0000000712000000, 0x0000000712000000| Untracked 
| 129|0x0000000712100000, 0x0000000712100000, 0x0000000712200000|  0%| F|  |TAMS 0x0000000712100000, 0x0000000712100000| Untracked 
| 130|0x0000000712200000, 0x0000000712200000, 0x0000000712300000|  0%| F|  |TAMS 0x0000000712200000, 0x0000000712200000| Untracked 
| 131|0x0000000712300000, 0x0000000712300000, 0x0000000712400000|  0%| F|  |TAMS 0x0000000712300000, 0x0000000712300000| Untracked 
| 132|0x0000000712400000, 0x0000000712400000, 0x0000000712500000|  0%| F|  |TAMS 0x0000000712400000, 0x0000000712400000| Untracked 
| 133|0x0000000712500000, 0x0000000712500000, 0x0000000712600000|  0%| F|  |TAMS 0x0000000712500000, 0x0000000712500000| Untracked 
| 134|0x0000000712600000, 0x0000000712600000, 0x0000000712700000|  0%| F|  |TAMS 0x0000000712600000, 0x0000000712600000| Untracked 
| 135|0x0000000712700000, 0x0000000712700000, 0x0000000712800000|  0%| F|  |TAMS 0x0000000712700000, 0x0000000712700000| Untracked 
| 136|0x0000000712800000, 0x0000000712800000, 0x0000000712900000|  0%| F|  |TAMS 0x0000000712800000, 0x0000000712800000| Untracked 
| 137|0x0000000712900000, 0x0000000712900000, 0x0000000712a00000|  0%| F|  |TAMS 0x0000000712900000, 0x0000000712900000| Untracked 
| 138|0x0000000712a00000, 0x0000000712a00000, 0x0000000712b00000|  0%| F|  |TAMS 0x0000000712a00000, 0x0000000712a00000| Untracked 
| 139|0x0000000712b00000, 0x0000000712b00000, 0x0000000712c00000|  0%| F|  |TAMS 0x0000000712b00000, 0x0000000712b00000| Untracked 
| 140|0x0000000712c00000, 0x0000000712c00000, 0x0000000712d00000|  0%| F|  |TAMS 0x0000000712c00000, 0x0000000712c00000| Untracked 
| 141|0x0000000712d00000, 0x0000000712d00000, 0x0000000712e00000|  0%| F|  |TAMS 0x0000000712d00000, 0x0000000712d00000| Untracked 
| 142|0x0000000712e00000, 0x0000000712e00000, 0x0000000712f00000|  0%| F|  |TAMS 0x0000000712e00000, 0x0000000712e00000| Untracked 
| 143|0x0000000712f00000, 0x0000000712f00000, 0x0000000713000000|  0%| F|  |TAMS 0x0000000712f00000, 0x0000000712f00000| Untracked 
| 144|0x0000000713000000, 0x0000000713000000, 0x0000000713100000|  0%| F|  |TAMS 0x0000000713000000, 0x0000000713000000| Untracked 
| 145|0x0000000713100000, 0x0000000713100000, 0x0000000713200000|  0%| F|  |TAMS 0x0000000713100000, 0x0000000713100000| Untracked 
| 146|0x0000000713200000, 0x0000000713200000, 0x0000000713300000|  0%| F|  |TAMS 0x0000000713200000, 0x0000000713200000| Untracked 
| 147|0x0000000713300000, 0x0000000713300000, 0x0000000713400000|  0%| F|  |TAMS 0x0000000713300000, 0x0000000713300000| Untracked 
| 148|0x0000000713400000, 0x0000000713400000, 0x0000000713500000|  0%| F|  |TAMS 0x0000000713400000, 0x0000000713400000| Untracked 
| 149|0x0000000713500000, 0x0000000713500000, 0x0000000713600000|  0%| F|  |TAMS 0x0000000713500000, 0x0000000713500000| Untracked 
| 150|0x0000000713600000, 0x0000000713600000, 0x0000000713700000|  0%| F|  |TAMS 0x0000000713600000, 0x0000000713600000| Untracked 
| 151|0x0000000713700000, 0x0000000713700000, 0x0000000713800000|  0%| F|  |TAMS 0x0000000713700000, 0x0000000713700000| Untracked 
| 152|0x0000000713800000, 0x0000000713800000, 0x0000000713900000|  0%| F|  |TAMS 0x0000000713800000, 0x0000000713800000| Untracked 
| 153|0x0000000713900000, 0x0000000713900000, 0x0000000713a00000|  0%| F|  |TAMS 0x0000000713900000, 0x0000000713900000| Untracked 
| 154|0x0000000713a00000, 0x0000000713a00000, 0x0000000713b00000|  0%| F|  |TAMS 0x0000000713a00000, 0x0000000713a00000| Untracked 
| 155|0x0000000713b00000, 0x0000000713b00000, 0x0000000713c00000|  0%| F|  |TAMS 0x0000000713b00000, 0x0000000713b00000| Untracked 
| 156|0x0000000713c00000, 0x0000000713c00000, 0x0000000713d00000|  0%| F|  |TAMS 0x0000000713c00000, 0x0000000713c00000| Untracked 
| 157|0x0000000713d00000, 0x0000000713d00000, 0x0000000713e00000|  0%| F|  |TAMS 0x0000000713d00000, 0x0000000713d00000| Untracked 
| 158|0x0000000713e00000, 0x0000000713e00000, 0x0000000713f00000|  0%| F|  |TAMS 0x0000000713e00000, 0x0000000713e00000| Untracked 
| 159|0x0000000713f00000, 0x0000000713f00000, 0x0000000714000000|  0%| F|  |TAMS 0x0000000713f00000, 0x0000000713f00000| Untracked 
| 160|0x0000000714000000, 0x0000000714000000, 0x0000000714100000|  0%| F|  |TAMS 0x0000000714000000, 0x0000000714000000| Untracked 
| 161|0x0000000714100000, 0x0000000714100000, 0x0000000714200000|  0%| F|  |TAMS 0x0000000714100000, 0x0000000714100000| Untracked 
| 162|0x0000000714200000, 0x0000000714200000, 0x0000000714300000|  0%| F|  |TAMS 0x0000000714200000, 0x0000000714200000| Untracked 
| 163|0x0000000714300000, 0x0000000714300000, 0x0000000714400000|  0%| F|  |TAMS 0x0000000714300000, 0x0000000714300000| Untracked 
| 164|0x0000000714400000, 0x0000000714400000, 0x0000000714500000|  0%| F|  |TAMS 0x0000000714400000, 0x0000000714400000| Untracked 
| 165|0x0000000714500000, 0x0000000714500000, 0x0000000714600000|  0%| F|  |TAMS 0x0000000714500000, 0x0000000714500000| Untracked 
| 166|0x0000000714600000, 0x0000000714600000, 0x0000000714700000|  0%| F|  |TAMS 0x0000000714600000, 0x0000000714600000| Untracked 
| 167|0x0000000714700000, 0x0000000714700000, 0x0000000714800000|  0%| F|  |TAMS 0x0000000714700000, 0x0000000714700000| Untracked 
| 168|0x0000000714800000, 0x0000000714800000, 0x0000000714900000|  0%| F|  |TAMS 0x0000000714800000, 0x0000000714800000| Untracked 
| 169|0x0000000714900000, 0x0000000714900000, 0x0000000714a00000|  0%| F|  |TAMS 0x0000000714900000, 0x0000000714900000| Untracked 
| 170|0x0000000714a00000, 0x0000000714a00000, 0x0000000714b00000|  0%| F|  |TAMS 0x0000000714a00000, 0x0000000714a00000| Untracked 
| 171|0x0000000714b00000, 0x0000000714b00000, 0x0000000714c00000|  0%| F|  |TAMS 0x0000000714b00000, 0x0000000714b00000| Untracked 
| 172|0x0000000714c00000, 0x0000000714c00000, 0x0000000714d00000|  0%| F|  |TAMS 0x0000000714c00000, 0x0000000714c00000| Untracked 
| 173|0x0000000714d00000, 0x0000000714d00000, 0x0000000714e00000|  0%| F|  |TAMS 0x0000000714d00000, 0x0000000714d00000| Untracked 
| 174|0x0000000714e00000, 0x0000000714e00000, 0x0000000714f00000|  0%| F|  |TAMS 0x0000000714e00000, 0x0000000714e00000| Untracked 
| 175|0x0000000714f00000, 0x0000000714f00000, 0x0000000715000000|  0%| F|  |TAMS 0x0000000714f00000, 0x0000000714f00000| Untracked 
| 176|0x0000000715000000, 0x0000000715000000, 0x0000000715100000|  0%| F|  |TAMS 0x0000000715000000, 0x0000000715000000| Untracked 
| 177|0x0000000715100000, 0x0000000715100000, 0x0000000715200000|  0%| F|  |TAMS 0x0000000715100000, 0x0000000715100000| Untracked 
| 178|0x0000000715200000, 0x0000000715200000, 0x0000000715300000|  0%| F|  |TAMS 0x0000000715200000, 0x0000000715200000| Untracked 
| 179|0x0000000715300000, 0x0000000715300000, 0x0000000715400000|  0%| F|  |TAMS 0x0000000715300000, 0x0000000715300000| Untracked 
| 180|0x0000000715400000, 0x0000000715400000, 0x0000000715500000|  0%| F|  |TAMS 0x0000000715400000, 0x0000000715400000| Untracked 
| 181|0x0000000715500000, 0x0000000715500000, 0x0000000715600000|  0%| F|  |TAMS 0x0000000715500000, 0x0000000715500000| Untracked 
| 182|0x0000000715600000, 0x0000000715600000, 0x0000000715700000|  0%| F|  |TAMS 0x0000000715600000, 0x0000000715600000| Untracked 
| 183|0x0000000715700000, 0x0000000715700000, 0x0000000715800000|  0%| F|  |TAMS 0x0000000715700000, 0x0000000715700000| Untracked 
| 184|0x0000000715800000, 0x0000000715800000, 0x0000000715900000|  0%| F|  |TAMS 0x0000000715800000, 0x0000000715800000| Untracked 
| 185|0x0000000715900000, 0x0000000715900000, 0x0000000715a00000|  0%| F|  |TAMS 0x0000000715900000, 0x0000000715900000| Untracked 
| 186|0x0000000715a00000, 0x0000000715a00000, 0x0000000715b00000|  0%| F|  |TAMS 0x0000000715a00000, 0x0000000715a00000| Untracked 
| 187|0x0000000715b00000, 0x0000000715b00000, 0x0000000715c00000|  0%| F|  |TAMS 0x0000000715b00000, 0x0000000715b00000| Untracked 
| 188|0x0000000715c00000, 0x0000000715c00000, 0x0000000715d00000|  0%| F|  |TAMS 0x0000000715c00000, 0x0000000715c00000| Untracked 
| 189|0x0000000715d00000, 0x0000000715d00000, 0x0000000715e00000|  0%| F|  |TAMS 0x0000000715d00000, 0x0000000715d00000| Untracked 
| 190|0x0000000715e00000, 0x0000000715e00000, 0x0000000715f00000|  0%| F|  |TAMS 0x0000000715e00000, 0x0000000715e00000| Untracked 
| 191|0x0000000715f00000, 0x0000000715f00000, 0x0000000716000000|  0%| F|  |TAMS 0x0000000715f00000, 0x0000000715f00000| Untracked 
| 192|0x0000000716000000, 0x0000000716000000, 0x0000000716100000|  0%| F|  |TAMS 0x0000000716000000, 0x0000000716000000| Untracked 
| 193|0x0000000716100000, 0x0000000716100000, 0x0000000716200000|  0%| F|  |TAMS 0x0000000716100000, 0x0000000716100000| Untracked 
| 194|0x0000000716200000, 0x0000000716200000, 0x0000000716300000|  0%| F|  |TAMS 0x0000000716200000, 0x0000000716200000| Untracked 
| 195|0x0000000716300000, 0x0000000716300000, 0x0000000716400000|  0%| F|  |TAMS 0x0000000716300000, 0x0000000716300000| Untracked 
| 196|0x0000000716400000, 0x0000000716400000, 0x0000000716500000|  0%| F|  |TAMS 0x0000000716400000, 0x0000000716400000| Untracked 
| 197|0x0000000716500000, 0x0000000716500000, 0x0000000716600000|  0%| F|  |TAMS 0x0000000716500000, 0x0000000716500000| Untracked 
| 198|0x0000000716600000, 0x0000000716600000, 0x0000000716700000|  0%| F|  |TAMS 0x0000000716600000, 0x0000000716600000| Untracked 
| 199|0x0000000716700000, 0x0000000716700000, 0x0000000716800000|  0%| F|  |TAMS 0x0000000716700000, 0x0000000716700000| Untracked 
| 200|0x0000000716800000, 0x0000000716800000, 0x0000000716900000|  0%| F|  |TAMS 0x0000000716800000, 0x0000000716800000| Untracked 
| 201|0x0000000716900000, 0x0000000716900000, 0x0000000716a00000|  0%| F|  |TAMS 0x0000000716900000, 0x0000000716900000| Untracked 
| 202|0x0000000716a00000, 0x0000000716a00000, 0x0000000716b00000|  0%| F|  |TAMS 0x0000000716a00000, 0x0000000716a00000| Untracked 
| 203|0x0000000716b00000, 0x0000000716b00000, 0x0000000716c00000|  0%| F|  |TAMS 0x0000000716b00000, 0x0000000716b00000| Untracked 
| 204|0x0000000716c00000, 0x0000000716c00000, 0x0000000716d00000|  0%| F|  |TAMS 0x0000000716c00000, 0x0000000716c00000| Untracked 
| 205|0x0000000716d00000, 0x0000000716d00000, 0x0000000716e00000|  0%| F|  |TAMS 0x0000000716d00000, 0x0000000716d00000| Untracked 
| 206|0x0000000716e00000, 0x0000000716e00000, 0x0000000716f00000|  0%| F|  |TAMS 0x0000000716e00000, 0x0000000716e00000| Untracked 
| 207|0x0000000716f00000, 0x0000000716f00000, 0x0000000717000000|  0%| F|  |TAMS 0x0000000716f00000, 0x0000000716f00000| Untracked 
| 208|0x0000000717000000, 0x0000000717000000, 0x0000000717100000|  0%| F|  |TAMS 0x0000000717000000, 0x0000000717000000| Untracked 
| 209|0x0000000717100000, 0x0000000717100000, 0x0000000717200000|  0%| F|  |TAMS 0x0000000717100000, 0x0000000717100000| Untracked 
| 210|0x0000000717200000, 0x0000000717200000, 0x0000000717300000|  0%| F|  |TAMS 0x0000000717200000, 0x0000000717200000| Untracked 
| 211|0x0000000717300000, 0x0000000717300000, 0x0000000717400000|  0%| F|  |TAMS 0x0000000717300000, 0x0000000717300000| Untracked 
| 212|0x0000000717400000, 0x0000000717400000, 0x0000000717500000|  0%| F|  |TAMS 0x0000000717400000, 0x0000000717400000| Untracked 
| 213|0x0000000717500000, 0x0000000717500000, 0x0000000717600000|  0%| F|  |TAMS 0x0000000717500000, 0x0000000717500000| Untracked 
| 214|0x0000000717600000, 0x0000000717600000, 0x0000000717700000|  0%| F|  |TAMS 0x0000000717600000, 0x0000000717600000| Untracked 
| 215|0x0000000717700000, 0x0000000717700000, 0x0000000717800000|  0%| F|  |TAMS 0x0000000717700000, 0x0000000717700000| Untracked 
| 216|0x0000000717800000, 0x0000000717800000, 0x0000000717900000|  0%| F|  |TAMS 0x0000000717800000, 0x0000000717800000| Untracked 
| 217|0x0000000717900000, 0x0000000717900000, 0x0000000717a00000|  0%| F|  |TAMS 0x0000000717900000, 0x0000000717900000| Untracked 
| 218|0x0000000717a00000, 0x0000000717a00000, 0x0000000717b00000|  0%| F|  |TAMS 0x0000000717a00000, 0x0000000717a00000| Untracked 
| 219|0x0000000717b00000, 0x0000000717b00000, 0x0000000717c00000|  0%| F|  |TAMS 0x0000000717b00000, 0x0000000717b00000| Untracked 
| 220|0x0000000717c00000, 0x0000000717c00000, 0x0000000717d00000|  0%| F|  |TAMS 0x0000000717c00000, 0x0000000717c00000| Untracked 
| 221|0x0000000717d00000, 0x0000000717d00000, 0x0000000717e00000|  0%| F|  |TAMS 0x0000000717d00000, 0x0000000717d00000| Untracked 
| 222|0x0000000717e00000, 0x0000000717e00000, 0x0000000717f00000|  0%| F|  |TAMS 0x0000000717e00000, 0x0000000717e00000| Untracked 
| 223|0x0000000717f00000, 0x0000000717f00000, 0x0000000718000000|  0%| F|  |TAMS 0x0000000717f00000, 0x0000000717f00000| Untracked 
| 224|0x0000000718000000, 0x0000000718000000, 0x0000000718100000|  0%| F|  |TAMS 0x0000000718000000, 0x0000000718000000| Untracked 
| 225|0x0000000718100000, 0x0000000718100000, 0x0000000718200000|  0%| F|  |TAMS 0x0000000718100000, 0x0000000718100000| Untracked 
| 226|0x0000000718200000, 0x0000000718200000, 0x0000000718300000|  0%| F|  |TAMS 0x0000000718200000, 0x0000000718200000| Untracked 
| 227|0x0000000718300000, 0x0000000718300000, 0x0000000718400000|  0%| F|  |TAMS 0x0000000718300000, 0x0000000718300000| Untracked 
| 228|0x0000000718400000, 0x0000000718400000, 0x0000000718500000|  0%| F|  |TAMS 0x0000000718400000, 0x0000000718400000| Untracked 
| 229|0x0000000718500000, 0x0000000718500000, 0x0000000718600000|  0%| F|  |TAMS 0x0000000718500000, 0x0000000718500000| Untracked 
| 230|0x0000000718600000, 0x0000000718600000, 0x0000000718700000|  0%| F|  |TAMS 0x0000000718600000, 0x0000000718600000| Untracked 
| 231|0x0000000718700000, 0x0000000718700000, 0x0000000718800000|  0%| F|  |TAMS 0x0000000718700000, 0x0000000718700000| Untracked 
| 232|0x0000000718800000, 0x0000000718800000, 0x0000000718900000|  0%| F|  |TAMS 0x0000000718800000, 0x0000000718800000| Untracked 
| 233|0x0000000718900000, 0x00000007189f65f8, 0x0000000718a00000| 96%| E|  |TAMS 0x0000000718900000, 0x0000000718900000| Complete 
| 234|0x0000000718a00000, 0x0000000718b00000, 0x0000000718b00000|100%| E|CS|TAMS 0x0000000718a00000, 0x0000000718a00000| Complete 
| 235|0x0000000718b00000, 0x0000000718c00000, 0x0000000718c00000|100%| E|CS|TAMS 0x0000000718b00000, 0x0000000718b00000| Complete 
| 236|0x0000000718c00000, 0x0000000718d00000, 0x0000000718d00000|100%| E|CS|TAMS 0x0000000718c00000, 0x0000000718c00000| Complete 
| 237|0x0000000718d00000, 0x0000000718e00000, 0x0000000718e00000|100%| E|CS|TAMS 0x0000000718d00000, 0x0000000718d00000| Complete 
| 238|0x0000000718e00000, 0x0000000718f00000, 0x0000000718f00000|100%| E|CS|TAMS 0x0000000718e00000, 0x0000000718e00000| Complete 
| 239|0x0000000718f00000, 0x0000000719000000, 0x0000000719000000|100%| E|CS|TAMS 0x0000000718f00000, 0x0000000718f00000| Complete 
| 240|0x0000000719000000, 0x0000000719100000, 0x0000000719100000|100%| E|CS|TAMS 0x0000000719000000, 0x0000000719000000| Complete 
| 241|0x0000000719100000, 0x0000000719200000, 0x0000000719200000|100%| E|CS|TAMS 0x0000000719100000, 0x0000000719100000| Complete 
| 242|0x0000000719200000, 0x0000000719300000, 0x0000000719300000|100%| E|CS|TAMS 0x0000000719200000, 0x0000000719200000| Complete 
| 243|0x0000000719300000, 0x0000000719400000, 0x0000000719400000|100%| E|CS|TAMS 0x0000000719300000, 0x0000000719300000| Complete 
| 244|0x0000000719400000, 0x0000000719500000, 0x0000000719500000|100%| E|  |TAMS 0x0000000719400000, 0x0000000719400000| Complete 
| 245|0x0000000719500000, 0x0000000719600000, 0x0000000719600000|100%| E|CS|TAMS 0x0000000719500000, 0x0000000719500000| Complete 

Card table byte_map: [0x0000024b443a0000,0x0000024b44b50000] _byte_map_base: 0x0000024b40b50000

Marking Bits (Prev, Next): (CMBitMap*) 0x0000024b30765588, (CMBitMap*) 0x0000024b307655c0
 Prev Bits: [0x0000024b45300000, 0x0000024b49080000)
 Next Bits: [0x0000024b49080000, 0x0000024b4ce00000)

Polling page: 0x0000024b2e410000

Metaspace:

Usage:
  Non-class:      7.26 MB capacity,     7.12 MB ( 98%) used,   137.55 KB (  2%) free+waste,     6.19 KB ( <1%) overhead. 
      Class:    743.00 KB capacity,   705.30 KB ( 95%) used,    35.13 KB (  5%) free+waste,     2.56 KB ( <1%) overhead. 
       Both:      7.99 MB capacity,     7.81 MB ( 98%) used,   172.69 KB (  2%) free+waste,     8.75 KB ( <1%) overhead. 

Virtual space:
  Non-class space:       20.00 MB reserved,       7.50 MB ( 38%) committed 
      Class space:        1.00 GB reserved,     768.00 KB ( <1%) committed 
             Both:        1.02 GB reserved,       8.25 MB ( <1%) committed 

Chunk freelists:
   Non-Class:  51.00 KB
       Class:  25.00 KB
        Both:  76.00 KB

MaxMetaspaceSize: 17179869184.00 GB
CompressedClassSpaceSize: 1.00 GB
Initial GC threshold: 20.80 MB
Current GC threshold: 20.80 MB
CDS: off

CodeHeap 'non-profiled nmethods': size=119168Kb used=724Kb max_used=724Kb free=118443Kb
 bounds [0x0000024b3bf10000, 0x0000024b3c180000, 0x0000024b43370000]
CodeHeap 'profiled nmethods': size=119168Kb used=903Kb max_used=903Kb free=118264Kb
 bounds [0x0000024b34ab0000, 0x0000024b34d20000, 0x0000024b3bf10000]
CodeHeap 'non-nmethods': size=7424Kb used=2251Kb max_used=2254Kb free=5172Kb
 bounds [0x0000024b34370000, 0x0000024b34630000, 0x0000024b34ab0000]
 total_blobs=875 nmethods=499 adapters=286
 compilation: enabled
              stopped_count=0, restarted_count=0
 full_count=0

Compilation events (20 events):
Event: 0.196 Thread 0x0000024b50879000  309       3       java.lang.String::substring (58 bytes)
Event: 0.196 Thread 0x0000024b50a17800 nmethod 291 0x0000024b34b29710 code [0x0000024b34b29aa0, 0x0000024b34b2b028]
Event: 0.196 Thread 0x0000024b50a17800  308       3       jdk.internal.org.objectweb.asm.Frame::get (46 bytes)
Event: 0.196 Thread 0x0000024b50879000 nmethod 309 0x0000024b34b2b810 code [0x0000024b34b2ba40, 0x0000024b34b2c0e8]
Event: 0.196 Thread 0x0000024b50879000  311       3       java.util.Arrays::copyOf (19 bytes)
Event: 0.196 Thread 0x0000024b50a17800 nmethod 308 0x0000024b34b2c310 code [0x0000024b34b2c4c0, 0x0000024b34b2c6d8]
Event: 0.196 Thread 0x0000024b50a17800  284       3       java.lang.Byte::<init> (10 bytes)
Event: 0.197 Thread 0x0000024b50878000  312       4       java.lang.StringLatin1::toUpperCase (180 bytes)
Event: 0.197 Thread 0x0000024b50a17800 nmethod 284 0x0000024b34b2c790 code [0x0000024b34b2c940, 0x0000024b34b2caf8]
Event: 0.197 Thread 0x0000024b50879000 nmethod 311 0x0000024b34b2cc10 code [0x0000024b34b2cde0, 0x0000024b34b2d0c8]
Event: 0.197 Thread 0x0000024b50a9b800  313       4       java.lang.String::equals (65 bytes)
Event: 0.198 Thread 0x0000024b50a9b800 nmethod 313 0x0000024b3bf2a510 code [0x0000024b3bf2a6a0, 0x0000024b3bf2a898]
Event: 0.198 Thread 0x0000024b50a3f800  314       4       java.util.Arrays::copyOfRange (63 bytes)
Event: 0.198 Thread 0x0000024b50a9b800  315       4       java.lang.String::checkBoundsOffCount (61 bytes)
Event: 0.199 Thread 0x0000024b50a9b800 nmethod 315 0x0000024b3bf2a990 code [0x0000024b3bf2ab20, 0x0000024b3bf2abb8]
Event: 0.199 Thread 0x0000024b50a9b800  316       4       java.lang.ThreadLocal::get (38 bytes)
Event: 0.200 Thread 0x0000024b50a3f800 nmethod 314 0x0000024b3bf2ac90 code [0x0000024b3bf2ae20, 0x0000024b3bf2b0f8]
Event: 0.200 Thread 0x0000024b50a3f800  317       4       java.lang.String::toUpperCase (29 bytes)
Event: 0.200 Thread 0x0000024b50a9b800 nmethod 316 0x0000024b3bf2b210 code [0x0000024b3bf2b3a0, 0x0000024b3bf2b538]
Event: 0.201 Thread 0x0000024b50a9b800  318       4       java.lang.String::<init> (55 bytes)

GC Heap History (0 events):
No events

Deoptimization events (20 events):
Event: 0.199 Thread 0x0000024b30706000 DEOPT PACKING pc=0x0000024b34af21e0 sp=0x0000009c79afc8b0
Event: 0.199 Thread 0x0000024b30706000 DEOPT UNPACKING pc=0x0000024b343ba95e sp=0x0000009c79afbd80 mode 0
Event: 0.200 Thread 0x0000024b30706000 DEOPT PACKING pc=0x0000024b34af21e0 sp=0x0000009c79afc8b0
Event: 0.200 Thread 0x0000024b30706000 DEOPT UNPACKING pc=0x0000024b343ba95e sp=0x0000009c79afbd80 mode 0
Event: 0.200 Thread 0x0000024b30706000 DEOPT PACKING pc=0x0000024b34af21e0 sp=0x0000009c79afc8b0
Event: 0.200 Thread 0x0000024b30706000 DEOPT UNPACKING pc=0x0000024b343ba95e sp=0x0000009c79afbd80 mode 0
Event: 0.201 Thread 0x0000024b30706000 DEOPT PACKING pc=0x0000024b34af21e0 sp=0x0000009c79afad60
Event: 0.201 Thread 0x0000024b30706000 DEOPT UNPACKING pc=0x0000024b343ba95e sp=0x0000009c79afa230 mode 0
Event: 0.201 Thread 0x0000024b30706000 DEOPT PACKING pc=0x0000024b34af21e0 sp=0x0000009c79afad60
Event: 0.201 Thread 0x0000024b30706000 DEOPT UNPACKING pc=0x0000024b343ba95e sp=0x0000009c79afa230 mode 0
Event: 0.201 Thread 0x0000024b30706000 DEOPT PACKING pc=0x0000024b34af21e0 sp=0x0000009c79afad60
Event: 0.201 Thread 0x0000024b30706000 DEOPT UNPACKING pc=0x0000024b343ba95e sp=0x0000009c79afa230 mode 0
Event: 0.201 Thread 0x0000024b30706000 DEOPT PACKING pc=0x0000024b34af21e0 sp=0x0000009c79afad60
Event: 0.201 Thread 0x0000024b30706000 DEOPT UNPACKING pc=0x0000024b343ba95e sp=0x0000009c79afa230 mode 0
Event: 0.202 Thread 0x0000024b30706000 DEOPT PACKING pc=0x0000024b34af21e0 sp=0x0000009c79afad60
Event: 0.202 Thread 0x0000024b30706000 DEOPT UNPACKING pc=0x0000024b343ba95e sp=0x0000009c79afa230 mode 0
Event: 0.202 Thread 0x0000024b30706000 DEOPT PACKING pc=0x0000024b34af21e0 sp=0x0000009c79afad60
Event: 0.202 Thread 0x0000024b30706000 DEOPT UNPACKING pc=0x0000024b343ba95e sp=0x0000009c79afa230 mode 0
Event: 0.202 Thread 0x0000024b30706000 DEOPT PACKING pc=0x0000024b34af21e0 sp=0x0000009c79afad60
Event: 0.202 Thread 0x0000024b30706000 DEOPT UNPACKING pc=0x0000024b343ba95e sp=0x0000009c79afa230 mode 0

Classes redefined (0 events):
No events

Internal exceptions (0 events):
No events

Events (20 events):
Event: 0.191 loading class java/lang/invoke/BoundMethodHandle$Species_LLLLLL
Event: 0.191 loading class java/lang/invoke/BoundMethodHandle$Species_LLLLLL done
Event: 0.192 loading class java/lang/Byte$ByteCache
Event: 0.192 loading class java/lang/Byte$ByteCache done
Event: 0.192 loading class java/lang/invoke/MethodHandles$1
Event: 0.192 loading class java/lang/invoke/MethodHandles$1 done
Event: 0.192 loading class java/lang/invoke/BoundMethodHandle$Species_LLLLLLI
Event: 0.192 loading class java/lang/invoke/BoundMethodHandle$Species_LLLLLLI done
Event: 0.193 loading class sun/invoke/util/ValueConversions$WrapperCache
Event: 0.193 loading class sun/invoke/util/ValueConversions$WrapperCache done
Event: 0.194 loading class java/lang/invoke/BoundMethodHandle$Species_LLLLLLII
Event: 0.194 loading class java/lang/invoke/BoundMethodHandle$Species_LLLLLLII done
Event: 0.194 loading class java/lang/invoke/BoundMethodHandle$Species_LLLLLLIIL
Event: 0.195 loading class java/lang/invoke/BoundMethodHandle$Species_LLLLLLIIL done
Event: 0.196 loading class org/apache/xmlrpc/XmlRpcClientLite
Event: 0.196 loading class org/apache/xmlrpc/XmlRpcClientLite done
Event: 0.198 loading class org/apache/xmlrpc/XmlRpcClient
Event: 0.198 loading class org/apache/xmlrpc/XmlRpcClient done
Event: 0.200 loading class org/apache/xmlrpc/XmlRpcHandler
Event: 0.200 loading class org/apache/xmlrpc/XmlRpcHandler done


Dynamic libraries:
0x00007ff7d76d0000 - 0x00007ff7d76da000 	D:\EnglishStandardPath\IDE\JetBrains\apps\CLion\ch-0\221.5921.27\jbr\bin\java.exe
0x00007ffb277a0000 - 0x00007ffb279a9000 	C:\WINDOWS\SYSTEM32\ntdll.dll
0x00007ffb26500000 - 0x00007ffb265bd000 	C:\WINDOWS\System32\KERNEL32.DLL
0x00007ffb25240000 - 0x00007ffb255b4000 	C:\WINDOWS\System32\KERNELBASE.dll
0x00007ffb25120000 - 0x00007ffb25231000 	C:\WINDOWS\System32\ucrtbase.dll
0x00007ffb01fa0000 - 0x00007ffb01fb6000 	D:\EnglishStandardPath\IDE\JetBrains\apps\CLion\ch-0\221.5921.27\jbr\bin\VCRUNTIME140.dll
0x00007ffb01f80000 - 0x00007ffb01f99000 	D:\EnglishStandardPath\IDE\JetBrains\apps\CLion\ch-0\221.5921.27\jbr\bin\jli.dll
0x00007ffb265c0000 - 0x00007ffb2676c000 	C:\WINDOWS\System32\USER32.dll
0x00007ffb0d4e0000 - 0x00007ffb0d785000 	C:\WINDOWS\WinSxS\amd64_microsoft.windows.common-controls_6595b64144ccf1df_6.0.22000.120_none_9d947278b86cc467\COMCTL32.dll
0x00007ffb250f0000 - 0x00007ffb25116000 	C:\WINDOWS\System32\win32u.dll
0x00007ffb25870000 - 0x00007ffb25913000 	C:\WINDOWS\System32\msvcrt.dll
0x00007ffb26cc0000 - 0x00007ffb26ce9000 	C:\WINDOWS\System32\GDI32.dll
0x00007ffb24c90000 - 0x00007ffb24da2000 	C:\WINDOWS\System32\gdi32full.dll
0x00007ffb24ee0000 - 0x00007ffb24f7d000 	C:\WINDOWS\System32\msvcp_win.dll
0x00007ffb25990000 - 0x00007ffb259c1000 	C:\WINDOWS\System32\IMM32.DLL
0x00007ffae28d0000 - 0x00007ffae297a000 	D:\EnglishStandardPath\IDE\JetBrains\apps\CLion\ch-0\221.5921.27\jbr\bin\msvcp140.dll
0x00007ffab3820000 - 0x00007ffab439b000 	D:\EnglishStandardPath\IDE\JetBrains\apps\CLion\ch-0\221.5921.27\jbr\bin\server\jvm.dll
0x00007ffb26ba0000 - 0x00007ffb26c4e000 	C:\WINDOWS\System32\ADVAPI32.dll
0x00007ffb26a70000 - 0x00007ffb26b0e000 	C:\WINDOWS\System32\sechost.dll
0x00007ffb25660000 - 0x00007ffb25780000 	C:\WINDOWS\System32\RPCRT4.dll
0x00007ffb26cb0000 - 0x00007ffb26cb8000 	C:\WINDOWS\System32\PSAPI.DLL
0x00007ffb19f80000 - 0x00007ffb19f8a000 	C:\WINDOWS\SYSTEM32\VERSION.dll
0x00007ffb21970000 - 0x00007ffb219a3000 	C:\WINDOWS\SYSTEM32\WINMM.dll
0x00007ffb01990000 - 0x00007ffb01999000 	C:\WINDOWS\SYSTEM32\WSOCK32.dll
0x00007ffb25ec0000 - 0x00007ffb25f2f000 	C:\WINDOWS\System32\WS2_32.dll
0x00007ffb23d50000 - 0x00007ffb23d68000 	C:\WINDOWS\SYSTEM32\kernel.appcore.dll
0x00007ffb166a0000 - 0x00007ffb166b1000 	D:\EnglishStandardPath\IDE\JetBrains\apps\CLion\ch-0\221.5921.27\jbr\bin\verify.dll
0x00007ffb22470000 - 0x00007ffb22691000 	C:\WINDOWS\SYSTEM32\DBGHELP.DLL
0x00007ffb15960000 - 0x00007ffb15991000 	C:\WINDOWS\SYSTEM32\dbgcore.DLL
0x00007ffb255c0000 - 0x00007ffb2563f000 	C:\WINDOWS\System32\bcryptPrimitives.dll
0x00007ffb16670000 - 0x00007ffb16699000 	D:\EnglishStandardPath\IDE\JetBrains\apps\CLion\ch-0\221.5921.27\jbr\bin\java.dll
0x00007ffb20200000 - 0x00007ffb2020b000 	D:\EnglishStandardPath\IDE\JetBrains\apps\CLion\ch-0\221.5921.27\jbr\bin\jimage.dll
0x00007ffb16650000 - 0x00007ffb16669000 	D:\EnglishStandardPath\IDE\JetBrains\apps\CLion\ch-0\221.5921.27\jbr\bin\zip.dll
0x00007ffb26fb0000 - 0x00007ffb2775e000 	C:\WINDOWS\System32\SHELL32.dll
0x00007ffb22dc0000 - 0x00007ffb23628000 	C:\WINDOWS\SYSTEM32\windows.storage.dll
0x00007ffb25b40000 - 0x00007ffb25eb8000 	C:\WINDOWS\System32\combase.dll
0x00007ffb22c50000 - 0x00007ffb22db6000 	C:\WINDOWS\SYSTEM32\wintypes.dll
0x00007ffb259e0000 - 0x00007ffb25aca000 	C:\WINDOWS\System32\SHCORE.dll
0x00007ffb26c50000 - 0x00007ffb26cad000 	C:\WINDOWS\System32\shlwapi.dll
0x00007ffb24bc0000 - 0x00007ffb24be1000 	C:\WINDOWS\SYSTEM32\profapi.dll
0x00007ffb16630000 - 0x00007ffb1664a000 	D:\EnglishStandardPath\IDE\JetBrains\apps\CLion\ch-0\221.5921.27\jbr\bin\net.dll
0x00007ffb1d8f0000 - 0x00007ffb1d9fc000 	C:\WINDOWS\SYSTEM32\WINHTTP.dll
0x00007ffb24170000 - 0x00007ffb241d7000 	C:\WINDOWS\system32\mswsock.dll
0x00007ffb16610000 - 0x00007ffb16624000 	D:\EnglishStandardPath\IDE\JetBrains\apps\CLion\ch-0\221.5921.27\jbr\bin\nio.dll

dbghelp: loaded successfully - version: 4.0.5 - missing functions: none
symbol engine: initialized successfully - sym options: 0x614 - pdb path: .;D:\EnglishStandardPath\IDE\JetBrains\apps\CLion\ch-0\221.5921.27\jbr\bin;C:\WINDOWS\SYSTEM32;C:\WINDOWS\WinSxS\amd64_microsoft.windows.common-controls_6595b64144ccf1df_6.0.22000.120_none_9d947278b86cc467;D:\EnglishStandardPath\IDE\JetBrains\apps\CLion\ch-0\221.5921.27\jbr\bin\server

VM Arguments:
java_command: git4idea.http.GitAskPassApp Username for 'https://github.com': 
java_class_path (initial): D:/EnglishStandardPath/IDE/JetBrains/apps/CLion/ch-0/221.5921.27/plugins/git4idea/lib/git4idea-rt.jar;D:/EnglishStandardPath/IDE/JetBrains/apps/CLion/ch-0/221.5921.27/lib/externalProcess-rt.jar;D:/EnglishStandardPath/IDE/JetBrains/apps/CLion/ch-0/221.5921.27/lib/app.jar;D:/EnglishStandardPath/IDE/JetBrains/apps/CLion/ch-0/221.5921.27/lib/3rd-party-rt.jar
Launcher Type: SUN_STANDARD

[Global flags]
     intx CICompilerCount                          = 12                                        {product} {ergonomic}
     uint ConcGCThreads                            = 3                                         {product} {ergonomic}
     uint G1ConcRefinementThreads                  = 13                                        {product} {ergonomic}
   size_t G1HeapRegionSize                         = 1048576                                   {product} {ergonomic}
    uintx GCDrainStackTargetSize                   = 64                                        {product} {ergonomic}
   size_t InitialHeapSize                          = 257949696                                 {product} {ergonomic}
   size_t MarkStackSize                            = 4194304                                   {product} {ergonomic}
   size_t MaxHeapSize                              = 4127195136                                {product} {ergonomic}
   size_t MaxNewSize                               = 2475687936                                {product} {ergonomic}
   size_t MinHeapDeltaBytes                        = 1048576                                   {product} {ergonomic}
    uintx NonNMethodCodeHeapSize                   = 7594288                                {pd product} {ergonomic}
    uintx NonProfiledCodeHeapSize                  = 122031976                              {pd product} {ergonomic}
    uintx ProfiledCodeHeapSize                     = 122031976                              {pd product} {ergonomic}
    uintx ReservedCodeCacheSize                    = 251658240                              {pd product} {ergonomic}
     bool SegmentedCodeCache                       = true                                      {product} {ergonomic}
     bool UseCompressedClassPointers               = true                                 {lp64_product} {ergonomic}
     bool UseCompressedOops                        = true                                 {lp64_product} {ergonomic}
     bool UseG1GC                                  = true                                      {product} {ergonomic}
     bool UseLargePagesIndividualAllocation        = false                                  {pd product} {ergonomic}

Logging:
Log output configuration:
 #0: stdout all=warning uptime,level,tags
 #1: stderr all=off uptime,level,tags

Environment Variables:
JAVA_HOME=D:\EnglishStandardPath\DevelopEnvironment\jdks\jdk11
CLASSPATH=.;D:\EnglishStandardPath\DevelopEnvironment\jdks\jdk11\lib
PATH=D:\EnglishStandardPath\DevProgramsFile\Python\python39\Scripts\;D:\EnglishStandardPath\DevProgramsFile\Python\python39\;D:\EnglishStandardPath\DevelopEnvironment\tbb\latest\redist\intel64\vc_mt\;D:\EnglishStandardPath\DevelopEnvironment\tbb\latest\redist\ia32\vc_mt\;D:\EnglishStandardPath\DevelopEnvironment\compiler\latest\windows\redist\intel64_win\compiler;D:\EnglishStandardPath\DevelopEnvironment\compiler\latest\windows\redist\ia32_win\compiler;C:\Program Files\Daheng Imaging\GalaxySDK\GenICam\bin\Win64_x64;C:\Program Files\Daheng Imaging\GalaxySDK\APIDll\Win64;C:\Program Files\Daheng Imaging\GalaxySDK\GenICam\bin\Win32_i86;C:\Program Files\Daheng Imaging\GalaxySDK\APIDll\Win32;C:\WINDOWS\system32;C:\WINDOWS;C:\WINDOWS\System32\Wbem;C:\WINDOWS\System32\WindowsPowerShell\v1.0\;C:\WINDOWS\System32\OpenSSH\;C:\ProgramData\chocolatey\bin;D:\EnglishStandardPath\DevelopEnvironment\MinGW64\bin;C:\Program Files\dotnet\;C:\Program Files\OpenSSH-Win64;C:\Program Files (x86)\dotnet\;C:\Program Files\nodejs\;C:\Program Files\Docker\Docker\resources\bin;C:\ProgramData\DockerDesktop\version-bin;D:\EnglishStandardPath\MATLAB\bin;D:\EnglishStandardPath\texlive\2021\bin\win32;D:\EnglishStandardPath\texlive\2021\bin\win32;D:\EnglishStandardPath\DevelopEnvironment\jdks\jdk11\bin;D:\EnglishStandardPath\DevelopEnvironment\vcpkg\installed\x64-windows\bin;D:\Program Files\OpenSSL-Win64\bin\;C:\Program Files\Graphviz\bin;D:\EnglishStandardPath\DevelopEnvironment\chocolatey\lib\cunit\lib;D:\EnglishStandardPath\DevelopEnvironment\chocolatey\lib\tinyxml2\lib;D:\EnglishStandardPath\DevelopEnvironment\chocolatey\lib\log4cxx\lib;D:\EnglishStandardPath\DevelopEnvironment\chocolatey\lib\bullet\lib;C:\Program Files\usbipd-win\;D:\\JetBrains\apps\IDEA-U\ch-0\212.5284.40\plugins\maven\lib\maven3\bin;D:\EnglishStandardPath\DevelopEnvironment\Git\bin;C:\Users\YeCanming\.cargo\bin;D:\EnglishStandardPath\DevProgramsFile\Python\pypy3.9-v7.3.9-win64\Scripts;D:\EnglishStandardPath\DevProgra
USERNAME=YeCanming
OS=Windows_NT
PROCESSOR_IDENTIFIER=AMD64 Family 23 Model 96 Stepping 1, AuthenticAMD



---------------  S Y S T E M  ---------------

OS: Windows 11 , 64 bit Build 22000 (10.0.22000.434)
OS uptime: 0 days 16:42 hours
Hyper-V role detected

CPU:total 16 (initial active 16) (16 cores per cpu, 2 threads per core) family 23 model 96 stepping 1 microcode 0x0, cmov, cx8, fxsr, mmx, sse, sse2, sse3, ssse3, sse4.1, sse4.2, popcnt, avx, avx2, aes, clmul, mmxext, 3dnowpref, lzcnt, sse4a, ht, tsc, tscinvbit, tscinv, bmi1, bmi2, adx, sha, fma

Memory: 4k page, system-wide physical 15741M (3958M free)
TotalPageFile size 21034M (AvailPageFile size 6M)
current process WorkingSet (physical memory assigned to process): 75M, peak: 75M
current process commit charge ("private bytes"): 347M, peak: 347M

vm_info: OpenJDK 64-Bit Server VM (11.0.15+10-b2043.56) for windows-amd64 JRE (11.0.15+10-b2043.56), built on May 16 2022 02:28:12 by "" with MS VC++ 14.0 (VS2015)

END.
